<?xml version="1.0" encoding="UTF-8"?>
<!-- Generated by org.testng.reporters.JUnitXMLReporter -->
<testsuite ignored="0" hostname="DESKTOP-LOB25H0" failures="1" tests="1" name="ORange_HRM" time="64.454" errors="0" timestamp="2024-07-31T14:31:00 IST">
  <testcase classname="io.cucumber.testng.AbstractTestNGCucumberTests" name="runScenario" time="21.662">
    <failure type="java.lang.AssertionError" message="Record not Matched">
      <![CDATA[java.lang.AssertionError: Record not Matched
at pages.orangehrm.AdminPageHRM.divtable_VerifyRecord(AdminPageHRM.java:169)
at pages.orangehrm.AdminPageHRM.verifyRecord(AdminPageHRM.java:103)
at stepdefination.OrangeHRMStepdef.verify_record(OrangeHRMStepdef.java:38)
at ✽.Verify record "FMLName1", "ESS", "FName LName", "Enabled" and "EditIcon"(file:///F:/Java_selenium/Java_selenium/Core%20Java/NOP_HRM_Sauce/SauceLabs/src/test/resources/Features/OrangeHRM.feature:12)
... Removed 1 stack frames]]>
    </failure>
  </testcase> <!-- runScenario -->
</testsuite> <!-- ORange_HRM -->
