<?xml version="1.0" encoding="UTF-8"?>
<!-- Generated by org.testng.reporters.JUnitXMLReporter -->
<testsuite ignored="0" hostname="DESKTOP-EH37MPF" failures="1" tests="1" name="ORange_HRM" time="166.061" errors="0" timestamp="2024-08-03T09:26:26 IST">
  <testcase classname="io.cucumber.testng.AbstractTestNGCucumberTests" name="runScenario" time="155.571">
    <failure type="java.lang.AssertionError" message="expected [560] but found [820]">
      <![CDATA[java.lang.AssertionError: expected [560] but found [820]
at pages.fitpeo.RevenueCalculator.verifysliderpositionupdated(RevenueCalculator.java:75)
at stepdefination.FitPeoStepdef.verify_slider_s_position_is_updated_to(FitPeoStepdef.java:41)
at ✽.verify slider's position is updated to 560.(file:///E:/Workspace_2023/SauceLab/src/test/resources/Features/FitPeo.feature:10)
... Removed 7 stack frames]]>
    </failure>
  </testcase> <!-- runScenario -->
</testsuite> <!-- ORange_HRM -->
