<?xml version="1.0" encoding="UTF-8"?>
<testng-results ignored="0" total="1" passed="1" failed="0" skipped="0">
  <reporter-output>
  </reporter-output>
  <suite started-at="2024-07-28T10:47:53 IST" name="Local RUN" finished-at="2024-07-28T10:48:44 IST" duration-ms="50750">
    <groups>
      <group name="cucumber">
        <method signature="AbstractTestNGCucumberTests.runScenario(io.cucumber.testng.PickleWrapper,io.cucumber.testng.FeatureWrapper)[pri:0, instance:runner.TestNGRunner@5dafbe45]" name="runScenario" class="io.cucumber.testng.AbstractTestNGCucumberTests"/>
      </group> <!-- cucumber -->
    </groups>
    <test started-at="2024-07-28T10:47:53 IST" name="ORange_HRM" finished-at="2024-07-28T10:48:44 IST" duration-ms="50750">
      <class name="runner.TestNGRunner">
        <test-method is-config="true" signature="setUpClass(org.testng.ITestContext)[pri:0, instance:runner.TestNGRunner@5dafbe45]" started-at="2024-07-28T10:47:53 IST" name="setUpClass" finished-at="2024-07-28T10:47:54 IST" duration-ms="242" status="PASS">
          <params>
            <param index="0">
              <value>
                <![CDATA[org.testng.TestRunner@5a936e64]]>
              </value>
            </param>
          </params>
          <reporter-output>
          </reporter-output>
        </test-method> <!-- setUpClass -->
        <test-method is-config="true" signature="beforeClass(java.lang.String,java.lang.String)[pri:0, instance:runner.TestNGRunner@5dafbe45]" started-at="2024-07-28T10:47:54 IST" name="beforeClass" finished-at="2024-07-28T10:48:10 IST" duration-ms="16289" status="PASS">
          <params>
            <param index="0">
              <value>
                <![CDATA[chrome]]>
              </value>
            </param>
            <param index="1">
              <value>
                <![CDATA[https://opensource-demo.orangehrmlive.com/]]>
              </value>
            </param>
          </params>
          <reporter-output>
          </reporter-output>
        </test-method> <!-- beforeClass -->
        <test-method signature="runScenario(io.cucumber.testng.PickleWrapper,io.cucumber.testng.FeatureWrapper)[pri:0, instance:runner.TestNGRunner@5dafbe45]" started-at="2024-07-28T10:48:10 IST" name="runScenario" description="Runs Cucumber Scenarios" data-provider="scenarios" finished-at="2024-07-28T10:48:44 IST" duration-ms="33524" status="PASS">
          <params>
            <param index="0">
              <value>
                <![CDATA["Login into OrangeHRM and Logout"]]>
              </value>
            </param>
            <param index="1">
              <value>
                <![CDATA["OrangeHRM"]]>
              </value>
            </param>
          </params>
          <reporter-output>
          </reporter-output>
        </test-method> <!-- runScenario -->
        <test-method is-config="true" signature="afterClass()[pri:0, instance:runner.TestNGRunner@5dafbe45]" started-at="2024-07-28T10:48:44 IST" name="afterClass" finished-at="2024-07-28T10:48:44 IST" duration-ms="626" status="PASS">
          <reporter-output>
          </reporter-output>
        </test-method> <!-- afterClass -->
        <test-method is-config="true" signature="tearDownClass()[pri:0, instance:runner.TestNGRunner@5dafbe45]" started-at="2024-07-28T10:48:44 IST" name="tearDownClass" finished-at="2024-07-28T10:48:44 IST" duration-ms="2" status="PASS">
          <reporter-output>
          </reporter-output>
        </test-method> <!-- tearDownClass -->
      </class> <!-- runner.TestNGRunner -->
    </test> <!-- ORange_HRM -->
  </suite> <!-- Local RUN -->
</testng-results>
