<?xml version="1.0" encoding="UTF-8"?>
<testng-results ignored="0" total="1" passed="0" failed="1" skipped="0">
  <reporter-output>
  </reporter-output>
  <suite started-at="2024-07-27T22:10:41 IST" name="Default suite" finished-at="2024-07-27T22:11:14 IST" duration-ms="33651">
    <groups>
      <group name="cucumber">
        <method signature="AbstractTestNGCucumberTests.runScenario(io.cucumber.testng.PickleWrapper,io.cucumber.testng.FeatureWrapper)[pri:0, instance:runner.TestNGRunner@4082ba93]" name="runScenario" class="io.cucumber.testng.AbstractTestNGCucumberTests"/>
      </group> <!-- cucumber -->
    </groups>
    <test started-at="2024-07-27T22:10:41 IST" name="Default test" finished-at="2024-07-27T22:11:14 IST" duration-ms="33651">
      <class name="runner.TestNGRunner">
        <test-method is-config="true" signature="setUpClass(org.testng.ITestContext)[pri:0, instance:runner.TestNGRunner@4082ba93]" started-at="2024-07-27T22:10:41 IST" name="setUpClass" finished-at="2024-07-27T22:10:41 IST" duration-ms="213" status="PASS">
          <params>
            <param index="0">
              <value>
                <![CDATA[org.testng.TestRunner@5dbb50f3]]>
              </value>
            </param>
          </params>
          <reporter-output>
          </reporter-output>
        </test-method> <!-- setUpClass -->
        <test-method is-config="true" signature="beforeClass()[pri:0, instance:runner.TestNGRunner@4082ba93]" started-at="2024-07-27T22:10:41 IST" name="beforeClass" finished-at="2024-07-27T22:10:47 IST" duration-ms="5543" status="PASS">
          <reporter-output>
          </reporter-output>
        </test-method> <!-- beforeClass -->
        <test-method signature="runScenario(io.cucumber.testng.PickleWrapper,io.cucumber.testng.FeatureWrapper)[pri:0, instance:runner.TestNGRunner@4082ba93]" started-at="2024-07-27T22:10:47 IST" name="runScenario" description="Runs Cucumber Scenarios" data-provider="scenarios" finished-at="2024-07-27T22:11:14 IST" duration-ms="27677" status="FAIL">
          <params>
            <param index="0">
              <value>
                <![CDATA["Login into OrangeHRM and Logout"]]>
              </value>
            </param>
            <param index="1">
              <value>
                <![CDATA["OrangeHRM"]]>
              </value>
            </param>
          </params>
          <exception class="java.lang.AssertionError">
            <message>
              <![CDATA[expected [] but found [Admin]]]>
            </message>
            <full-stacktrace>
              <![CDATA[java.lang.AssertionError: expected [] but found [Admin]
at org.testng.Assert.fail(Assert.java:110)
at org.testng.Assert.failNotEquals(Assert.java:1577)
at org.testng.Assert.assertEqualsImpl(Assert.java:149)
at org.testng.Assert.assertEquals(Assert.java:131)
at org.testng.Assert.assertEquals(Assert.java:655)
at org.testng.Assert.assertEquals(Assert.java:665)
at pages.orangehrm.AdminPageHRM.tablerowusernamevalue(AdminPageHRM.java:113)
at pages.orangehrm.AdminPageHRM.rowsinTable(AdminPageHRM.java:96)
at stepdefination.OrangeHRMStepdef.verify_record(OrangeHRMStepdef.java:41)
at ✽.Verify record "Admin", "Admin", "manda user" and "Enabled"(file:///Users/mani/Desktop/Java_selenium/Core%20Java/Github/SauceLabs/src/test/resources/Features/OrangeHRM.feature:14)
]]>
            </full-stacktrace>
          </exception> <!-- java.lang.AssertionError -->
          <reporter-output>
          </reporter-output>
        </test-method> <!-- runScenario -->
        <test-method is-config="true" signature="afterClass()[pri:0, instance:runner.TestNGRunner@4082ba93]" started-at="2024-07-27T22:11:14 IST" name="afterClass" finished-at="2024-07-27T22:11:14 IST" duration-ms="168" status="PASS">
          <reporter-output>
          </reporter-output>
        </test-method> <!-- afterClass -->
        <test-method is-config="true" signature="tearDownClass()[pri:0, instance:runner.TestNGRunner@4082ba93]" started-at="2024-07-27T22:11:14 IST" name="tearDownClass" finished-at="2024-07-27T22:11:14 IST" duration-ms="4" status="PASS">
          <reporter-output>
          </reporter-output>
        </test-method> <!-- tearDownClass -->
      </class> <!-- runner.TestNGRunner -->
    </test> <!-- Default test -->
  </suite> <!-- Default suite -->
</testng-results>
