<?xml version="1.0" encoding="UTF-8"?>
<!-- Generated by org.testng.reporters.JUnitReportReporter -->
<testsuite hostname="DESKTOP-LOB25H0" failures="1" tests="1" name="runner.TestNGRunner" time="21.662" errors="0" timestamp="2024-07-31T14:31:00 IST" skipped="0">
  <testcase classname="runner.TestNGRunner" name="runScenario" time="21.662">
    <failure message="Record not Matched" type="java.lang.AssertionError">
      <![CDATA[java.lang.AssertionError: Record not Matched
at org.testng.Assert.fail(Assert.java:110)
at pages.orangehrm.AdminPageHRM.divtable_VerifyRecord(AdminPageHRM.java:169)
at pages.orangehrm.AdminPageHRM.verifyRecord(AdminPageHRM.java:103)
at stepdefination.OrangeHRMStepdef.verify_record(OrangeHRMStepdef.java:38)
at ✽.Verify record "FMLName1", "ESS", "FName LName", "Enabled" and "EditIcon"(file:///F:/Java_selenium/Java_selenium/Core%20Java/NOP_HRM_Sauce/SauceLabs/src/test/resources/Features/OrangeHRM.feature:12)
]]>
    </failure>
  </testcase> <!-- runScenario -->
  <system-out/>
</testsuite> <!-- runner.TestNGRunner -->
